TN:
SF:app/helpers/logger.js
FNF:0
FNH:0
DA:1,1
DA:2,1
DA:3,1
DA:4,1
DA:5,1
DA:6,1
DA:7,1
DA:8,0
DA:9,0
DA:10,0
DA:11,0
DA:12,0
DA:13,1
DA:14,1
DA:15,1
DA:16,0
DA:17,0
DA:18,0
DA:19,0
DA:20,0
DA:21,0
DA:22,0
DA:23,0
DA:24,1
DA:25,1
DA:26,1
DA:27,1
DA:28,1
DA:29,1
DA:30,1
DA:31,1
LF:31
LH:18
BRDA:7,0,0,0
BRDA:15,1,0,0
BRF:2
BRH:0
end_of_record
TN:
SF:app/models/plantDataMapper.js
FN:5,getAllPlants
FN:10,getOnePlant
FN:18,postPlant
FN:24,postFamily
FN:30,postCategory
FN:36,postAlliance
FN:44,updatePlant
FN:50,updateFamily
FN:56,updateCategory
FN:62,updateAlliance
FN:70,deletePlant
FN:76,deleteFamily
FN:82,deleteCategory
FN:88,deleteAlliance
FNF:14
FNH:3
FNDA:1,getAllPlants
FNDA:2,getOnePlant
FNDA:1,postPlant
FNDA:0,postFamily
FNDA:0,postCategory
FNDA:0,postAlliance
FNDA:0,updatePlant
FNDA:0,updateFamily
FNDA:0,updateCategory
FNDA:0,updateAlliance
FNDA:0,deletePlant
FNDA:0,deleteFamily
FNDA:0,deleteCategory
FNDA:0,deleteAlliance
DA:1,1
DA:2,1
DA:3,1
DA:4,1
DA:5,1
DA:6,1
DA:7,1
DA:8,1
DA:9,1
DA:10,1
DA:11,2
DA:12,2
DA:13,2
DA:14,2
DA:15,1
DA:16,1
DA:17,1
DA:18,1
DA:19,1
DA:20,1
DA:21,1
DA:22,1
DA:23,1
DA:24,1
DA:25,0
DA:26,0
DA:27,0
DA:28,0
DA:29,1
DA:30,1
DA:31,0
DA:32,0
DA:33,0
DA:34,0
DA:35,1
DA:36,1
DA:37,0
DA:38,0
DA:39,0
DA:40,0
DA:41,1
DA:42,1
DA:43,1
DA:44,1
DA:45,0
DA:46,0
DA:47,0
DA:48,0
DA:49,1
DA:50,1
DA:51,0
DA:52,0
DA:53,0
DA:54,0
DA:55,1
DA:56,1
DA:57,0
DA:58,0
DA:59,0
DA:60,0
DA:61,1
DA:62,1
DA:63,0
DA:64,0
DA:65,0
DA:66,0
DA:67,1
DA:68,1
DA:69,1
DA:70,1
DA:71,0
DA:72,0
DA:73,0
DA:74,0
DA:75,1
DA:76,1
DA:77,0
DA:78,0
DA:79,0
DA:80,0
DA:81,1
DA:82,1
DA:83,0
DA:84,0
DA:85,0
DA:86,0
DA:87,1
DA:88,1
DA:89,0
DA:90,0
DA:91,0
DA:92,0
DA:93,0
DA:94,1
DA:95,1
DA:96,1
LF:96
LH:51
BRDA:5,0,0,1
BRDA:10,1,0,2
BRDA:18,2,0,1
BRF:3
BRH:3
end_of_record
TN:
SF:app/services/clientdb.js
FNF:0
FNH:0
DA:1,1
DA:2,1
DA:3,1
DA:4,1
DA:5,1
DA:6,1
DA:7,1
DA:8,1
DA:9,1
DA:10,1
DA:11,1
DA:12,1
DA:13,1
LF:13
LH:13
BRDA:9,0,0,1
BRF:1
BRH:1
end_of_record
